2025-12-23 07:17:54,873 - INFO - ============================================================
2025-12-23 07:17:54,873 - INFO - ЗАПУСК АВТОМАТИЧЕСКОГО СБОРЩИКА МОДЕЛЕЙ KIE.AI
2025-12-23 07:17:54,873 - INFO - ============================================================
2025-12-23 07:17:55,754 - ERROR - Неожиданная ошибка при парсинге маркета: name 'resp_text' is not defined
2025-12-23 07:18:26,305 - INFO - ============================================================
2025-12-23 07:18:26,305 - INFO - ЗАПУСК АВТОМАТИЧЕСКОГО СБОРЩИКА МОДЕЛЕЙ KIE.AI
2025-12-23 07:18:26,306 - INFO - ============================================================
2025-12-23 07:18:26,996 - INFO - Размер HTML страницы: 54567 символов
2025-12-23 07:18:26,996 - INFO - Найдено ссылок на странице: 0
2025-12-23 07:18:26,996 - INFO - Найдено карточек: 0
2025-12-23 07:18:26,996 - INFO - Найдено script тегов: 28
2025-12-23 07:18:26,998 - WARNING - Модели не найдены стандартными методами, используем fallback поиск
2025-12-23 07:18:26,998 - INFO - Итого найдено уникальных моделей: 1
2025-12-23 07:18:26,998 - INFO - Начинаем парсинг 1 моделей (параллельно, 5 потоков)
2025-12-23 07:18:27,712 - WARNING - Ошибка запроса https://kie.ai/ru/market/ai-api (попытка 1/3): 404 Client Error: Not Found for url: https://kie.ai/ru/market/ai-api
2025-12-23 07:18:29,296 - WARNING - Ошибка запроса https://kie.ai/ru/market/ai-api (попытка 2/3): 404 Client Error: Not Found for url: https://kie.ai/ru/market/ai-api
2025-12-23 07:18:31,875 - WARNING - Ошибка запроса https://kie.ai/ru/market/ai-api (попытка 3/3): 404 Client Error: Not Found for url: https://kie.ai/ru/market/ai-api
2025-12-23 07:18:31,875 - ERROR - Не удалось выполнить запрос после 3 попыток для https://kie.ai/ru/market/ai-api
2025-12-23 07:20:11,199 - INFO - ============================================================
2025-12-23 07:20:11,199 - INFO - ЗАПУСК АВТОМАТИЧЕСКОГО СБОРЩИКА МОДЕЛЕЙ KIE.AI
2025-12-23 07:20:11,200 - INFO - ============================================================
2025-12-23 07:20:11,914 - INFO - Размер HTML страницы: 54567 символов
2025-12-23 07:20:11,914 - INFO - Найдено ссылок на странице: 0
2025-12-23 07:20:11,914 - INFO - Найдено карточек: 0
2025-12-23 07:20:11,915 - INFO - Найдено script тегов: 28
2025-12-23 07:20:11,917 - WARNING - Модели не найдены стандартными методами, используем fallback поиск
2025-12-23 07:20:11,917 - INFO - Итого найдено уникальных моделей: 1
2025-12-23 07:20:11,917 - INFO - Начинаем парсинг 1 моделей (параллельно, 5 потоков)
2025-12-23 07:20:13,494 - WARNING - Ошибка запроса https://kie.ai/ru/market/ai-api (попытка 1/3): 404 Client Error: Not Found for url: https://kie.ai/ru/market/ai-api
2025-12-23 07:20:15,138 - WARNING - Ошибка запроса https://kie.ai/ru/market/ai-api (попытка 2/3): 404 Client Error: Not Found for url: https://kie.ai/ru/market/ai-api
2025-12-23 07:20:17,740 - WARNING - Ошибка запроса https://kie.ai/ru/market/ai-api (попытка 3/3): 404 Client Error: Not Found for url: https://kie.ai/ru/market/ai-api
2025-12-23 07:20:17,740 - ERROR - Не удалось выполнить запрос после 3 попыток для https://kie.ai/ru/market/ai-api
2025-12-23 07:20:37,387 - INFO - ============================================================
2025-12-23 07:20:37,387 - INFO - ЗАПУСК АВТОМАТИЧЕСКОГО СБОРЩИКА МОДЕЛЕЙ KIE.AI
2025-12-23 07:20:37,387 - INFO - ============================================================
2025-12-23 07:20:38,107 - INFO - Размер HTML страницы: 54567 символов
2025-12-23 07:20:38,107 - INFO - Найдено ссылок на странице: 0
2025-12-23 07:20:38,108 - INFO - Найдено карточек: 0
2025-12-23 07:20:38,108 - INFO - Найдено script тегов: 28
2025-12-23 07:20:38,110 - WARNING - Модели не найдены стандартными методами, используем fallback поиск
2025-12-23 07:20:38,110 - INFO - Итого найдено уникальных моделей: 1
2025-12-23 07:20:38,111 - INFO - Начинаем парсинг 1 моделей (параллельно, 5 потоков)
2025-12-23 07:20:38,695 - WARNING - Ошибка запроса https://kie.ai/ru/market/ai-api (попытка 1/3): 404 Client Error: Not Found for url: https://kie.ai/ru/market/ai-api
2025-12-23 07:20:40,272 - WARNING - Ошибка запроса https://kie.ai/ru/market/ai-api (попытка 2/3): 404 Client Error: Not Found for url: https://kie.ai/ru/market/ai-api
2025-12-23 07:20:42,850 - WARNING - Ошибка запроса https://kie.ai/ru/market/ai-api (попытка 3/3): 404 Client Error: Not Found for url: https://kie.ai/ru/market/ai-api
2025-12-23 07:20:42,850 - ERROR - Не удалось выполнить запрос после 3 попыток для https://kie.ai/ru/market/ai-api
